Determining if the pthread_create exist failed with the following output:
Change Dir: /home/johan/Documents/Hub/Fascial_recognition/dlib-19.19/examples/build/CMakeFiles/CMakeTmp

Run Build Command:"/usr/bin/make" "cmTC_4e030/fast"
/usr/bin/make -f CMakeFiles/cmTC_4e030.dir/build.make CMakeFiles/cmTC_4e030.dir/build
make[1] : on entre dans le répertoire « /home/johan/Documents/Hub/Fascial_recognition/dlib-19.19/examples/build/CMakeFiles/CMakeTmp »
Building C object CMakeFiles/cmTC_4e030.dir/CheckSymbolExists.c.o
/usr/bin/cc    -o CMakeFiles/cmTC_4e030.dir/CheckSymbolExists.c.o   -c /home/johan/Documents/Hub/Fascial_recognition/dlib-19.19/examples/build/CMakeFiles/CMakeTmp/CheckSymbolExists.c
Linking C executable cmTC_4e030
/usr/bin/cmake -E cmake_link_script CMakeFiles/cmTC_4e030.dir/link.txt --verbose=1
/usr/bin/cc      -rdynamic CMakeFiles/cmTC_4e030.dir/CheckSymbolExists.c.o  -o cmTC_4e030 
/usr/bin/ld : CMakeFiles/cmTC_4e030.dir/CheckSymbolExists.c.o : dans la fonction « main » :
CheckSymbolExists.c:(.text+0x1b) : référence indéfinie vers « pthread_create »
collect2: error: ld returned 1 exit status
make[1]: *** [CMakeFiles/cmTC_4e030.dir/build.make:87: cmTC_4e030] Error 1
make[1] : on quitte le répertoire « /home/johan/Documents/Hub/Fascial_recognition/dlib-19.19/examples/build/CMakeFiles/CMakeTmp »
make: *** [Makefile:121: cmTC_4e030/fast] Error 2

File /home/johan/Documents/Hub/Fascial_recognition/dlib-19.19/examples/build/CMakeFiles/CMakeTmp/CheckSymbolExists.c:
/* */
#include <pthread.h>

int main(int argc, char** argv)
{
  (void)argv;
#ifndef pthread_create
  return ((int*)(&pthread_create))[argc];
#else
  (void)argc;
  return 0;
#endif
}

Determining if the function pthread_create exists in the pthreads failed with the following output:
Change Dir: /home/johan/Documents/Hub/Fascial_recognition/dlib-19.19/examples/build/CMakeFiles/CMakeTmp

Run Build Command:"/usr/bin/make" "cmTC_5119f/fast"
/usr/bin/make -f CMakeFiles/cmTC_5119f.dir/build.make CMakeFiles/cmTC_5119f.dir/build
make[1] : on entre dans le répertoire « /home/johan/Documents/Hub/Fascial_recognition/dlib-19.19/examples/build/CMakeFiles/CMakeTmp »
Building C object CMakeFiles/cmTC_5119f.dir/CheckFunctionExists.c.o
/usr/bin/cc   -DCHECK_FUNCTION_EXISTS=pthread_create   -o CMakeFiles/cmTC_5119f.dir/CheckFunctionExists.c.o   -c /usr/share/cmake-3.13/Modules/CheckFunctionExists.c
Linking C executable cmTC_5119f
/usr/bin/cmake -E cmake_link_script CMakeFiles/cmTC_5119f.dir/link.txt --verbose=1
/usr/bin/cc  -DCHECK_FUNCTION_EXISTS=pthread_create    -rdynamic CMakeFiles/cmTC_5119f.dir/CheckFunctionExists.c.o  -o cmTC_5119f -lpthreads 
/usr/bin/ld : ne peut trouver -lpthreads
collect2: error: ld returned 1 exit status
make[1]: *** [CMakeFiles/cmTC_5119f.dir/build.make:87: cmTC_5119f] Error 1
make[1] : on quitte le répertoire « /home/johan/Documents/Hub/Fascial_recognition/dlib-19.19/examples/build/CMakeFiles/CMakeTmp »
make: *** [Makefile:121: cmTC_5119f/fast] Error 2


Determining if the function sgemm_ exists failed with the following output:
Change Dir: /home/johan/Documents/Hub/Fascial_recognition/dlib-19.19/examples/build/CMakeFiles/CMakeTmp

Run Build Command:"/usr/bin/make" "cmTC_8087e/fast"
/usr/bin/make -f CMakeFiles/cmTC_8087e.dir/build.make CMakeFiles/cmTC_8087e.dir/build
make[1] : on entre dans le répertoire « /home/johan/Documents/Hub/Fascial_recognition/dlib-19.19/examples/build/CMakeFiles/CMakeTmp »
Building C object CMakeFiles/cmTC_8087e.dir/CheckFunctionExists.c.o
/usr/bin/cc   -DCHECK_FUNCTION_EXISTS=sgemm_   -o CMakeFiles/cmTC_8087e.dir/CheckFunctionExists.c.o   -c /usr/share/cmake-3.13/Modules/CheckFunctionExists.c
Linking C executable cmTC_8087e
/usr/bin/cmake -E cmake_link_script CMakeFiles/cmTC_8087e.dir/link.txt --verbose=1
/usr/bin/cc  -DCHECK_FUNCTION_EXISTS=sgemm_    -rdynamic CMakeFiles/cmTC_8087e.dir/CheckFunctionExists.c.o  -o cmTC_8087e 
/usr/bin/ld : CMakeFiles/cmTC_8087e.dir/CheckFunctionExists.c.o : dans la fonction « main » :
CheckFunctionExists.c:(.text+0x10) : référence indéfinie vers « sgemm_ »
collect2: error: ld returned 1 exit status
make[1]: *** [CMakeFiles/cmTC_8087e.dir/build.make:87: cmTC_8087e] Error 1
make[1] : on quitte le répertoire « /home/johan/Documents/Hub/Fascial_recognition/dlib-19.19/examples/build/CMakeFiles/CMakeTmp »
make: *** [Makefile:121: cmTC_8087e/fast] Error 2


