Determining if the pthread_create exist failed with the following output:
Change Dir: /home/johan.lenagard/Documents/2Y/hub/my_workshop/dlib-19.17/examples/build/CMakeFiles/CMakeTmp

Run Build Command:"/usr/bin/gmake" "cmTC_6e422/fast"
/usr/bin/gmake -f CMakeFiles/cmTC_6e422.dir/build.make CMakeFiles/cmTC_6e422.dir/build
gmake[1]: Entering directory '/home/johan.lenagard/Documents/2Y/hub/my_workshop/dlib-19.17/examples/build/CMakeFiles/CMakeTmp'
Building C object CMakeFiles/cmTC_6e422.dir/CheckSymbolExists.c.o
/usr/bin/cc    -o CMakeFiles/cmTC_6e422.dir/CheckSymbolExists.c.o   -c /home/johan.lenagard/Documents/2Y/hub/my_workshop/dlib-19.17/examples/build/CMakeFiles/CMakeTmp/CheckSymbolExists.c
Linking C executable cmTC_6e422
/usr/bin/cmake -E cmake_link_script CMakeFiles/cmTC_6e422.dir/link.txt --verbose=1
/usr/bin/cc      -rdynamic CMakeFiles/cmTC_6e422.dir/CheckSymbolExists.c.o  -o cmTC_6e422 
CMakeFiles/cmTC_6e422.dir/CheckSymbolExists.c.o: In function `main':
CheckSymbolExists.c:(.text+0x16): undefined reference to `pthread_create'
collect2: error: ld returned 1 exit status
gmake[1]: *** [CMakeFiles/cmTC_6e422.dir/build.make:87: cmTC_6e422] Error 1
gmake[1]: Leaving directory '/home/johan.lenagard/Documents/2Y/hub/my_workshop/dlib-19.17/examples/build/CMakeFiles/CMakeTmp'
gmake: *** [Makefile:126: cmTC_6e422/fast] Error 2

File /home/johan.lenagard/Documents/2Y/hub/my_workshop/dlib-19.17/examples/build/CMakeFiles/CMakeTmp/CheckSymbolExists.c:
/* */
#include <pthread.h>

int main(int argc, char** argv)
{
  (void)argv;
#ifndef pthread_create
  return ((int*)(&pthread_create))[argc];
#else
  (void)argc;
  return 0;
#endif
}

Determining if the function pthread_create exists in the pthreads failed with the following output:
Change Dir: /home/johan.lenagard/Documents/2Y/hub/my_workshop/dlib-19.17/examples/build/CMakeFiles/CMakeTmp

Run Build Command:"/usr/bin/gmake" "cmTC_3b629/fast"
/usr/bin/gmake -f CMakeFiles/cmTC_3b629.dir/build.make CMakeFiles/cmTC_3b629.dir/build
gmake[1]: Entering directory '/home/johan.lenagard/Documents/2Y/hub/my_workshop/dlib-19.17/examples/build/CMakeFiles/CMakeTmp'
Building C object CMakeFiles/cmTC_3b629.dir/CheckFunctionExists.c.o
/usr/bin/cc   -DCHECK_FUNCTION_EXISTS=pthread_create   -o CMakeFiles/cmTC_3b629.dir/CheckFunctionExists.c.o   -c /usr/share/cmake/Modules/CheckFunctionExists.c
Linking C executable cmTC_3b629
/usr/bin/cmake -E cmake_link_script CMakeFiles/cmTC_3b629.dir/link.txt --verbose=1
/usr/bin/cc  -DCHECK_FUNCTION_EXISTS=pthread_create    -rdynamic CMakeFiles/cmTC_3b629.dir/CheckFunctionExists.c.o  -o cmTC_3b629 -lpthreads 
/usr/bin/ld: cannot find -lpthreads
collect2: error: ld returned 1 exit status
gmake[1]: *** [CMakeFiles/cmTC_3b629.dir/build.make:87: cmTC_3b629] Error 1
gmake[1]: Leaving directory '/home/johan.lenagard/Documents/2Y/hub/my_workshop/dlib-19.17/examples/build/CMakeFiles/CMakeTmp'
gmake: *** [Makefile:126: cmTC_3b629/fast] Error 2


