Determining if the pthread_create exist failed with the following output:
Change Dir: /home/johan/Documents/Hub/FacialRecon/V2/dlib-19.19/build/CMakeFiles/CMakeTmp

Run Build Command:"/usr/bin/make" "cmTC_b22d9/fast"
/usr/bin/make -f CMakeFiles/cmTC_b22d9.dir/build.make CMakeFiles/cmTC_b22d9.dir/build
make[1] : on entre dans le répertoire « /home/johan/Documents/Hub/FacialRecon/V2/dlib-19.19/build/CMakeFiles/CMakeTmp »
Building C object CMakeFiles/cmTC_b22d9.dir/CheckSymbolExists.c.o
/usr/bin/cc    -o CMakeFiles/cmTC_b22d9.dir/CheckSymbolExists.c.o   -c /home/johan/Documents/Hub/FacialRecon/V2/dlib-19.19/build/CMakeFiles/CMakeTmp/CheckSymbolExists.c
Linking C executable cmTC_b22d9
/usr/bin/cmake -E cmake_link_script CMakeFiles/cmTC_b22d9.dir/link.txt --verbose=1
/usr/bin/cc      -rdynamic CMakeFiles/cmTC_b22d9.dir/CheckSymbolExists.c.o  -o cmTC_b22d9 
/usr/bin/ld : CMakeFiles/cmTC_b22d9.dir/CheckSymbolExists.c.o : dans la fonction « main » :
CheckSymbolExists.c:(.text+0x1b) : référence indéfinie vers « pthread_create »
collect2: error: ld returned 1 exit status
make[1]: *** [CMakeFiles/cmTC_b22d9.dir/build.make:87: cmTC_b22d9] Error 1
make[1] : on quitte le répertoire « /home/johan/Documents/Hub/FacialRecon/V2/dlib-19.19/build/CMakeFiles/CMakeTmp »
make: *** [Makefile:121: cmTC_b22d9/fast] Error 2

File /home/johan/Documents/Hub/FacialRecon/V2/dlib-19.19/build/CMakeFiles/CMakeTmp/CheckSymbolExists.c:
/* */
#include <pthread.h>

int main(int argc, char** argv)
{
  (void)argv;
#ifndef pthread_create
  return ((int*)(&pthread_create))[argc];
#else
  (void)argc;
  return 0;
#endif
}

Determining if the function pthread_create exists in the pthreads failed with the following output:
Change Dir: /home/johan/Documents/Hub/FacialRecon/V2/dlib-19.19/build/CMakeFiles/CMakeTmp

Run Build Command:"/usr/bin/make" "cmTC_76d95/fast"
/usr/bin/make -f CMakeFiles/cmTC_76d95.dir/build.make CMakeFiles/cmTC_76d95.dir/build
make[1] : on entre dans le répertoire « /home/johan/Documents/Hub/FacialRecon/V2/dlib-19.19/build/CMakeFiles/CMakeTmp »
Building C object CMakeFiles/cmTC_76d95.dir/CheckFunctionExists.c.o
/usr/bin/cc   -DCHECK_FUNCTION_EXISTS=pthread_create   -o CMakeFiles/cmTC_76d95.dir/CheckFunctionExists.c.o   -c /usr/share/cmake-3.13/Modules/CheckFunctionExists.c
Linking C executable cmTC_76d95
/usr/bin/cmake -E cmake_link_script CMakeFiles/cmTC_76d95.dir/link.txt --verbose=1
/usr/bin/cc  -DCHECK_FUNCTION_EXISTS=pthread_create    -rdynamic CMakeFiles/cmTC_76d95.dir/CheckFunctionExists.c.o  -o cmTC_76d95 -lpthreads 
/usr/bin/ld : ne peut trouver -lpthreads
collect2: error: ld returned 1 exit status
make[1]: *** [CMakeFiles/cmTC_76d95.dir/build.make:87: cmTC_76d95] Error 1
make[1] : on quitte le répertoire « /home/johan/Documents/Hub/FacialRecon/V2/dlib-19.19/build/CMakeFiles/CMakeTmp »
make: *** [Makefile:121: cmTC_76d95/fast] Error 2


Determining if the function sgesv exists failed with the following output:
Change Dir: /home/johan/Documents/Hub/FacialRecon/V2/dlib-19.19/build/CMakeFiles/CMakeTmp

Run Build Command:"/usr/bin/make" "cmTC_1414f/fast"
/usr/bin/make -f CMakeFiles/cmTC_1414f.dir/build.make CMakeFiles/cmTC_1414f.dir/build
make[1] : on entre dans le répertoire « /home/johan/Documents/Hub/FacialRecon/V2/dlib-19.19/build/CMakeFiles/CMakeTmp »
Building C object CMakeFiles/cmTC_1414f.dir/CheckFunctionExists.c.o
/usr/bin/cc   -DCHECK_FUNCTION_EXISTS=sgesv   -o CMakeFiles/cmTC_1414f.dir/CheckFunctionExists.c.o   -c /usr/share/cmake-3.13/Modules/CheckFunctionExists.c
Linking C executable cmTC_1414f
/usr/bin/cmake -E cmake_link_script CMakeFiles/cmTC_1414f.dir/link.txt --verbose=1
/usr/bin/cc  -DCHECK_FUNCTION_EXISTS=sgesv    -rdynamic CMakeFiles/cmTC_1414f.dir/CheckFunctionExists.c.o  -o cmTC_1414f /usr/lib/x86_64-linux-gnu/liblapack.so 
/usr/bin/ld : CMakeFiles/cmTC_1414f.dir/CheckFunctionExists.c.o : dans la fonction « main » :
CheckFunctionExists.c:(.text+0x10) : référence indéfinie vers « sgesv »
collect2: error: ld returned 1 exit status
make[1]: *** [CMakeFiles/cmTC_1414f.dir/build.make:88: cmTC_1414f] Error 1
make[1] : on quitte le répertoire « /home/johan/Documents/Hub/FacialRecon/V2/dlib-19.19/build/CMakeFiles/CMakeTmp »
make: *** [Makefile:121: cmTC_1414f/fast] Error 2


